/tools/rhel6/synopsys/syn/current/auxx/gui/dv/dv_setup.tcl
/tools/rhel6/synopsys/syn/current/auxx/gui/syn/snpsSynProcs.tcl
/tools/rhel6/synopsys/syn/current/auxx/gui/syn/layout/pkgIndex.tcl
/tools/rhel6/synopsys/syn/current/auxx/gui/common/highlight/pkgIndex.tcl
/tools/rhel6/synopsys/syn/current/auxx/gui/common/pathinspector/pkgIndex.tcl
/tools/rhel6/synopsys/syn/current/auxx/gui/common/table/pkgIndex.tcl
/tools/rhel6/synopsys/syn/current/auxx/gui/common/tcl-dp/pkgIndex.tcl
/tools/rhel6/synopsys/syn/current/auxx/gui/common/strokes/pkgIndex.tcl
/tools/rhel6/synopsys/syn/current/auxx/gui/common/dialogs/pkgIndex.tcl
/tools/rhel6/synopsys/syn/current/auxx/gui/common/palettegroup/pkgIndex.tcl
/tools/rhel6/synopsys/syn/current/auxx/gui/common/tq/pkgIndex.tcl
/tools/rhel6/synopsys/syn/current/auxx/gui/common/commandform/pkgIndex.tcl
/tools/rhel6/synopsys/syn/current/auxx/gui/common/view/pkgIndex.tcl
/tools/rhel6/synopsys/syn/current/auxx/gui/common/WindowFrameWork/pkgIndex.tcl
/tools/rhel6/synopsys/syn/current/auxx/gui/common/mrupalette/pkgIndex.tcl
/tools/rhel6/synopsys/syn/current/auxx/gui/common/regressionToolkit/pkgIndex.tcl
/tools/rhel6/synopsys/syn/current/auxx/gui/common/histogram/pkgIndex.tcl
/tools/rhel6/synopsys/syn/current/auxx/gui/common/fanoutviewer/pkgIndex.tcl
/tools/rhel6/synopsys/syn/current/auxx/gui/common/docBrowser/pkgIndex.tcl
/tools/rhel6/synopsys/syn/current/auxx/gui/common/profiler/pkgIndex.tcl
/tools/rhel6/synopsys/syn/current/auxx/gui/common/menus/pkgIndex.tcl
/tools/rhel6/synopsys/syn/current/auxx/gui/common/acg/pkgIndex.tcl
/tools/rhel6/synopsys/syn/current/auxx/gui/common/timing/pkgIndex.tcl
/tools/rhel6/synopsys/syn/current/auxx/gui/common/libviewer/pkgIndex.tcl
/tools/rhel6/synopsys/syn/current/auxx/gui/common/select/pkgIndex.tcl
/tools/rhel6/synopsys/syn/current/auxx/gui/common/layout/pkgIndex.tcl
/tools/rhel6/synopsys/syn/current/auxx/gui/common/opdlg/pkgIndex.tcl
/tools/rhel6/synopsys/syn/current/auxx/gui/common/schematic/pkgIndex.tcl
/tools/rhel6/synopsys/syn/current/auxx/gui/common/hierarchy/pkgIndex.tcl
/tools/rhel6/synopsys/syn/current/auxx/gui/common/misc/pkgIndex.tcl
/tools/rhel6/synopsys/syn/current/auxx/gui/common/qtcl/pkgIndex.tcl
/tools/rhel6/synopsys/syn/current/auxx/gui/common/setup/pkgIndex.tcl
/tools/rhel6/synopsys/syn/current/auxx/gui/common/tiledview/pkgIndex.tcl
/tools/rhel6/synopsys/syn/current/auxx/gui/dv/pkgIndex.tcl
/tools/rhel6/synopsys/syn/current/auxx/syn/lib/pkgIndex.tcl
/tools/rhel6/synopsys/syn/current/auxx/tcllib/lib/iwidgets4.1/pkgIndex.tcl
/tools/rhel6/synopsys/syn/current/auxx/tcllib/snps_tcl/snpsUtils/pkgIndex.tcl
/tools/rhel6/synopsys/syn/current/auxx/tcllib/snps_tcl/snpsTest/pkgIndex.tcl
/tools/rhel6/synopsys/syn/current/auxx/tcllib/snps_tcl/snpsTclPro/pkgIndex.tcl
/tools/rhel6/synopsys/syn/current/auxx/tcllib/snps_tcl/pkgIndex.tcl
/tools/rhel6/synopsys/syn/current/auxx/tcllib/lib/tcl8.6/tcltest/pkgIndex.tcl
/tools/rhel6/synopsys/syn/current/auxx/tcllib/lib/tcl8.6/opt/pkgIndex.tcl
/tools/rhel6/synopsys/syn/current/auxx/tcllib/lib/tcl8.6/reg/pkgIndex.tcl
/tools/rhel6/synopsys/syn/current/auxx/tcllib/lib/tcl8.6/http/pkgIndex.tcl
/tools/rhel6/synopsys/syn/current/auxx/tcllib/lib/tcl8.6/dde/pkgIndex.tcl
/tools/rhel6/synopsys/syn/current/auxx/tcllib/lib/tcl8.6/platform/pkgIndex.tcl
/tools/rhel6/synopsys/syn/current/auxx/tcllib/lib/tcl8.6/msgcat/pkgIndex.tcl
/tools/rhel6/synopsys/syn/current/auxx/tcllib/lib/tcl8.6/http1.0/pkgIndex.tcl
/tools/rhel6/synopsys/syn/current/auxx/gui/common/setup/snpsCommonSetup.tcl
/tools/rhel6/synopsys/syn/current/auxx/gui/common/setup/snpsCustomize.tcl
/tools/rhel6/synopsys/syn/current/auxx/gui/common/setup/snpsProcheck.tcl
/tools/rhel6/synopsys/syn/current/auxx/gui/common/qtcl/.synopsys_qtcl.tcl
/tools/rhel6/synopsys/syn/current/auxx/gui/common/highlight/highlight.tcl
/tools/rhel6/synopsys/syn/current/auxx/gui/common/misc/base.tcl
/tools/rhel6/synopsys/syn/current/auxx/gui/common/misc/timing.tcl
/tools/rhel6/synopsys/syn/current/auxx/gui/common/misc/setting.tcl
/tools/rhel6/synopsys/syn/current/auxx/gui/common/misc/preset.tcl
/tools/rhel6/synopsys/syn/current/auxx/gui/common/WindowFrameWork/windowFrameWork.tcl
/tools/rhel6/synopsys/syn/current/auxx/gui/common/WindowFrameWork/skipBusyCursorCmdList.tcl
/tools/rhel6/synopsys/syn/current/auxx/gui/common/docBrowser/docBrowser.tcl
/tools/rhel6/synopsys/syn/current/auxx/tcllib/snps_tcl/snpsUtils/snpsUtils.tcl
/tools/rhel6/synopsys/syn/current/auxx/gui/common/dialogs/ObjectChooser.tcl
/tools/rhel6/synopsys/syn/current/auxx/gui/common/misc/DialogObjectChooser.tcl
/tools/rhel6/synopsys/syn/current/auxx/gui/common/dialogs/HistBinInformation.tcl
/tools/rhel6/synopsys/syn/current/auxx/gui/common/dialogs/HistBin1Information.tcl
/tools/rhel6/synopsys/syn/current/auxx/gui/common/dialogs/BinsOnlyInformation.tcl
/tools/rhel6/synopsys/syn/current/auxx/gui/common/dialogs/FileChooser.tcl
/tools/rhel6/synopsys/syn/current/auxx/gui/common/dialogs/PathPinSimpleInfo.tcl
/tools/rhel6/synopsys/syn/current/auxx/gui/common/dialogs/PathsBasicInfo.tcl
/tools/rhel6/synopsys/syn/current/auxx/gui/common/dialogs/PathsBasicSimpleInfo.tcl
/tools/rhel6/synopsys/syn/current/auxx/gui/common/dialogs/SlctOperationInfo.tcl
/tools/rhel6/synopsys/syn/current/auxx/gui/common/dialogs/ObjectListInfo.tcl
/tools/rhel6/synopsys/syn/current/auxx/gui/common/dialogs/FanInOutInfo.tcl
/tools/rhel6/synopsys/syn/current/auxx/gui/common/dialogs/NumberOfLevelsChooser.tcl
/tools/rhel6/synopsys/syn/current/auxx/gui/common/dialogs/WindowReuseInfo.tcl
/tools/rhel6/synopsys/syn/current/auxx/gui/common/dialogs/ReportOutputOptionInfo.tcl
/tools/rhel6/synopsys/syn/current/auxx/gui/common/setup/snpsCollections.tcl
/tools/rhel6/synopsys/syn/current/auxx/gui/common/dialogs/CompileLinkDesign.tcl
/tools/rhel6/synopsys/syn/current/auxx/gui/common/histogram/DialogEndpointSlack.tcl
/tools/rhel6/synopsys/syn/current/auxx/gui/common/histogram/DialogPathsSlack.tcl
/tools/rhel6/synopsys/syn/current/auxx/gui/common/histogram/DialogNetCapacitance.tcl
/tools/rhel6/synopsys/syn/current/auxx/gui/common/schematic/DialogPathSchematicFanInOut.tcl
/tools/rhel6/synopsys/syn/current/auxx/gui/common/schematic/DialogPathSchematicAddPaths.tcl
/home/um2072/eeee722/um2072_f2023/uvm/results_conv/dc/tech_config.tcl
/classes/ee620/maieee/lib/tsmc-0.18/synopsys/typical.db
/tools/rhel6/synopsys/syn/current/libraries/syn/dw_foundation.sldb
/tools/rhel6/synopsys/syn/current/libraries/syn/standard.sldb
/tools/rhel6/synopsys/syn/current/libraries/syn/gtech.db
/home/um2072/eeee722/um2072_f2023/uvm/results_conv/netlist/results_conv_tsmc18_rtl.vs
/home/um2072/eeee722/um2072_f2023/uvm/results_conv/cons/results_conv_cons_defaults.tcl
/home/um2072/eeee722/um2072_f2023/uvm/results_conv/cons/results_conv_clocks_cons.tcl
/home/um2072/eeee722/um2072_f2023/uvm/results_conv/cons/results_conv_cons.tcl
/classes/ee620/maieee/lib/tsmc-0.18/synopsys/typical.db
/classes/ee620/maieee/lib/tsmc-0.18/synopsys/typical.db
/home/um2072/eeee722/um2072_f2023/uvm/results_conv/saif/results_conv_bw.saif
